<?xml version="1.0" encoding="UTF-8"?>
<coverage generated="1518200315">
  <project timestamp="1518200315">
    <package name="App">
      <file name="/home/philipe.almeida/Code/app/classes/Pedido.php">
        <class name="Pedido" namespace="App">
          <metrics methods="1" coveredmethods="1" conditionals="0" coveredconditionals="0" statements="1" coveredstatements="1" elements="2" coveredelements="2"/>
        </class>
        <line num="15" type="method" name="teste" crap="1" count="1"/>
        <line num="17" type="stmt" count="1"/>
        <metrics loc="19" ncloc="13" classes="1" methods="1" coveredmethods="1" conditionals="0" coveredconditionals="0" statements="1" coveredstatements="1" elements="2" coveredelements="2"/>
      </file>
    </package>
    <metrics files="1" loc="19" ncloc="13" classes="1" methods="1" coveredmethods="1" conditionals="0" coveredconditionals="0" statements="1" coveredstatements="1" elements="2" coveredelements="2"/>
  </project>
</coverage>
